C:\Program Files (x86)\Microsoft Visual Studio\2019\Community\MSBuild\Microsoft\VC\v160\Microsoft.CppBuild.targets(491,5): warning MSB8028: промежуточный каталог (Debug\) содержит файлы, которые используются совместно с другим проектом (ShaderScene.vcxproj).  Это может привести к ошибкам очистки и перестроения.
  main.cpp
C:\Users\User\source\repos\indiv3\ShaderScene\Shader.h(223,27): warning C4018: <: несоответствие типов со знаком и без знака
C:\Users\User\source\repos\indiv3\ShaderScene\main.cpp(225,23): warning C4018: <: несоответствие типов со знаком и без знака
C:\Users\User\source\repos\indiv3\ShaderScene\main.cpp(288,26): warning C4305: =: усечение из "double" в "float"
C:\Users\User\source\repos\indiv3\ShaderScene\main.cpp(333,26): warning C4129: -: неизвестная escape-последовательность
C:\Users\User\source\repos\indiv3\ShaderScene\main.cpp(338,26): warning C4129: -: неизвестная escape-последовательность
C:\Users\User\source\repos\indiv3\ShaderScene\main.cpp(343,26): warning C4129: -: неизвестная escape-последовательность
C:\Users\User\source\repos\indiv3\ShaderScene\main.cpp(361,52): warning C4244: аргумент: преобразование "double" в "float", возможна потеря данных
C:\Users\User\source\repos\indiv3\ShaderScene\main.cpp(361,36): warning C4244: аргумент: преобразование "double" в "float", возможна потеря данных
C:\Users\User\source\repos\indiv3\ShaderScene\main.cpp(361,20): warning C4244: аргумент: преобразование "double" в "float", возможна потеря данных
C:\Users\User\source\repos\indiv3\ShaderScene\main.cpp(366,52): warning C4244: аргумент: преобразование "double" в "float", возможна потеря данных
C:\Users\User\source\repos\indiv3\ShaderScene\main.cpp(366,36): warning C4244: аргумент: преобразование "double" в "float", возможна потеря данных
C:\Users\User\source\repos\indiv3\ShaderScene\main.cpp(366,20): warning C4244: аргумент: преобразование "double" в "float", возможна потеря данных
C:\Users\User\source\repos\indiv3\ShaderScene\main.cpp(371,36): warning C4244: аргумент: преобразование "double" в "float", возможна потеря данных
C:\Users\User\source\repos\indiv3\ShaderScene\main.cpp(371,20): warning C4244: аргумент: преобразование "double" в "float", возможна потеря данных
C:\Users\User\source\repos\indiv3\ShaderScene\main.cpp(377,23): warning C4018: <: несоответствие типов со знаком и без знака
C:\Users\User\source\repos\indiv3\ShaderScene\main.cpp(394,20): warning C4018: <: несоответствие типов со знаком и без знака
C:\Users\User\source\repos\indiv3\ShaderScene\main.cpp(396,21): warning C4018: <: несоответствие типов со знаком и без знака
C:\Users\User\source\repos\indiv3\ShaderScene\main.cpp(506,40): warning C4244: аргумент: преобразование "double" в "float", возможна потеря данных
C:\Users\User\source\repos\indiv3\ShaderScene\main.cpp(506,37): warning C4244: аргумент: преобразование "double" в "float", возможна потеря данных
C:\Users\User\source\repos\indiv3\ShaderScene\main.cpp(506,34): warning C4244: аргумент: преобразование "double" в "float", возможна потеря данных
C:\Users\User\source\repos\indiv3\ShaderScene\main.cpp(724,72): warning C4244: аргумент: преобразование "double" в "GLfloat", возможна потеря данных
  ShaderScene.vcxproj -> C:\Users\User\source\repos\indiv3\Debug\Indiv.exe
